<?xml version="1.0" encoding="UTF-8"?>
<testsuite name="app.GuessingGameFileHandlerTest" tests="2" skipped="0" failures="0" errors="0" timestamp="2017-06-19T19:56:13" hostname="Jonathans-MacBook-Air.local" time="0.047">
  <properties/>
  <testcase name="readBadFileThrowsException" classname="app.GuessingGameFileHandlerTest" time="0.016"/>
  <testcase name="readsFileAndReturnsWordList" classname="app.GuessingGameFileHandlerTest" time="0.03"/>
  <system-out><![CDATA[]]></system-out>
  <system-err><![CDATA[]]></system-err>
</testsuite>
