<?xml version="1.0" encoding="UTF-8"?>
<testsuite name="app.GuessingGameFileHandlerTest" tests="2" skipped="0" failures="0" errors="0" timestamp="2017-06-16T18:46:25" hostname="Jonathans-MacBook-Air.local" time="0.032">
  <properties/>
  <testcase name="readBadFileThrowsException" classname="app.GuessingGameFileHandlerTest" time="0.012"/>
  <testcase name="readsFileAndReturnsWordList" classname="app.GuessingGameFileHandlerTest" time="0.019"/>
  <system-out><![CDATA[]]></system-out>
  <system-err><![CDATA[]]></system-err>
</testsuite>
